Arguments: 
  C:\Program Files\nodejs\node.exe C:\Users\forfed\AppData\Roaming\npm\node_modules\yarn\bin\yarn.js add immer

PATH: 
  C:\Python39\Scripts\;C:\Python39\;C:\WINDOWS\system32;C:\WINDOWS;C:\WINDOWS\System32\Wbem;C:\WINDOWS\System32\WindowsPowerShell\v1.0\;C:\WINDOWS\System32\OpenSSH\;C:\Program Files\Inkscape\bin;C:\Program Files\nodejs\;C:\ProgramData\chocolatey\bin;C:\Program Files\Git\cmd;C:\composer;C:\Program Files\Docker\Docker\resources\bin;C:\ProgramData\DockerDesktop\version-bin;C:\Users\forfed\AppData\Local\Microsoft\WindowsApps;C:\Program Files\JetBrains\CLion 2020.3\bin;;C:\Program Files\JetBrains\IntelliJ IDEA 2020.3.1\bin;;C:\Users\forfed\AppData\Local\Programs\Microsoft VS Code\bin;C:\Users\forfed\AppData\Roaming\npm;C:\laragon\bin\php\php-7.2.19-Win32-VC15-x64;C:\Users\forfed\AppData\Roaming\Composer\vendor\bin

Yarn version: 
  1.22.10

Node version: 
  14.15.4

Platform: 
  win32 x64

Trace: 
  Error: EPERM: operation not permitted, unlink 'C:\Users\forfed\Documents\OpenClassrom\OCp5\oc_p5\node_modules\@babel\helper-compilation-targets\node_modules\.bin'

npm manifest: 
  {
    "title": "Shop Homepage",
    "name": "startbootstrap-shop-homepage",
    "version": "4.2.3",
    "scripts": {
      "dev": "webpack -w"
    },
    "description": "A shop homepage HTML template built with Bootstrap",
    "keywords": [
      "css",
      "sass",
      "html",
      "responsive",
      "theme",
      "template"
    ],
    "homepage": "https://startbootstrap.com/template/shop-homepage",
    "bugs": {
      "url": "https://github.com/StartBootstrap/startbootstrap-shop-homepage/issues",
      "email": "feedback@startbootstrap.com"
    },
    "license": "MIT",
    "author": "Start Bootstrap",
    "contributors": [
      "David Miller (https://davidmiller.io/)"
    ],
    "repository": {
      "type": "git",
      "url": "git+https://github.com/StartBootstrap/startbootstrap-shop-homepage.git"
    },
    "dependencies": {
      "class-validator": "^0.13.1",
      "jest": "^26.6.3",
      "jquery": "3.5.1",
      "webpack": "^5.24.4"
    },
    "devDependencies": {
      "@babel/core": "^7.13.10",
      "@babel/preset-env": "^7.13.10",
      "@types/jest": "^26.0.20",
      "babel-jest": "^26.6.3",
      "browser-sync": "2.26.13",
      "del": "6.0.0",
      "fp-ts": "^2.9.5",
      "gulp": "4.0.2",
      "imer": "0.0.1",
      "io-ts": "^2.2.16",
      "merge-stream": "2.0.0",
      "ts-loader": "^8.0.18",
      "typescript": "^4.2.3",
      "webpack-cli": "^4.5.0"
    },
    "main": "test.js"
  }

yarn manifest: 
  No manifest

Lockfile: 
  No lockfile
